#-----------------------------------------------------------
# Vivado v2017.4 (64-bit)
# SW Build 2086221 on Fri Dec 15 20:55:39 MST 2017
# IP Build 2085800 on Fri Dec 15 22:25:07 MST 2017
# Start of session at: Tue Dec 19 16:19:41 2023
# Process ID: 20896
# Current directory: C:/Users/27486/Desktop/xjtu-live/XJTU-Share/COMP450105-计算机组成/实验/熊兴宇/project/project_910/project_789/project_78.runs/synth_1
# Command line: vivado.exe -gui_launcher_event rodinguilauncherevent10620 C:\Users\27486\Desktop\xjtu-live\XJTU-Share\COMP450105-计算机组成\实验\熊兴宇\project\project_910\project_789\project_78.runs\synth_1\test.dcp
# Log file: C:/Users/27486/Desktop/xjtu-live/XJTU-Share/COMP450105-计算机组成/实验/熊兴宇/project/project_910/project_789/project_78.runs/synth_1/vivado.log
# Journal file: C:/Users/27486/Desktop/xjtu-live/XJTU-Share/COMP450105-计算机组成/实验/熊兴宇/project/project_910/project_789/project_78.runs/synth_1\vivado.jou
#-----------------------------------------------------------
start_gui
open_checkpoint {C:\Users\27486\Desktop\xjtu-live\XJTU-Share\COMP450105-计算机组成\实验\熊兴宇\project\project_910\project_789\project_78.runs\synth_1\test.dcp}
Command: open_checkpoint {C:\Users\27486\Desktop\xjtu-live\XJTU-Share\COMP450105-计算机组成\实验\熊兴宇\project\project_910\project_789\project_78.runs\synth_1\test.dcp}

Starting open_checkpoint Task

Time (s): cpu = 00:00:01 ; elapsed = 00:00:00.059 . Memory (MB): peak = 681.129 ; gain = 0.000
INFO: [IP_Flow 19-234] Refreshing IP repositories
INFO: [IP_Flow 19-1704] No user IP repositories specified
INFO: [IP_Flow 19-2313] Loaded Vivado IP repository 'C:/Xilinx/Vivado/2017.4/data/ip'.
ERROR: [Project 1-587] Checkpoint part 'xc7z030sbg485-1' is not available.
exit
INFO: [Common 17-206] Exiting Vivado at Tue Dec 19 16:21:00 2023...
