#-----------------------------------------------------------
# Vivado v2017.4 (64-bit)
# SW Build 2086221 on Fri Dec 15 20:55:39 MST 2017
# IP Build 2085800 on Fri Dec 15 22:25:07 MST 2017
# Start of session at: Tue Dec 19 16:19:41 2023
# Process ID: 1692
# Current directory: C:/Users/27486/Desktop/xjtu-live/XJTU-Share/COMP450105-计算机组成/实验/熊兴宇/project/project_910/project_789/project_78.sim/sim_1/behav
# Command line: vivado.exe -gui_launcher_event rodinguilauncherevent7028 C:\Users\27486\Desktop\xjtu-live\XJTU-Share\COMP450105-计算机组成\实验\熊兴宇\project\project_910\project_789\project_78.sim\sim_1\behav\top_behav.wdb
# Log file: C:/Users/27486/Desktop/xjtu-live/XJTU-Share/COMP450105-计算机组成/实验/熊兴宇/project/project_910/project_789/project_78.sim/sim_1/behav/vivado.log
# Journal file: C:/Users/27486/Desktop/xjtu-live/XJTU-Share/COMP450105-计算机组成/实验/熊兴宇/project/project_910/project_789/project_78.sim/sim_1/behav\vivado.jou
#-----------------------------------------------------------
start_gui
open_wave_database {C:\Users\27486\Desktop\xjtu-live\XJTU-Share\COMP450105-计算机组成\实验\熊兴宇\project\project_910\project_789\project_78.sim\sim_1\behav\top_behav.wdb}
INFO: [IP_Flow 19-234] Refreshing IP repositories
INFO: [IP_Flow 19-1704] No user IP repositories specified
INFO: [IP_Flow 19-2313] Loaded Vivado IP repository 'C:/Xilinx/Vivado/2017.4/data/ip'.
open_wave_database: Time (s): cpu = 00:00:11 ; elapsed = 00:00:06 . Memory (MB): peak = 731.055 ; gain = 55.688
close_sim
INFO: [Simtcl 6-16] Simulation closed
exit
INFO: [Common 17-206] Exiting Vivado at Tue Dec 19 16:21:39 2023...
